Start testing: Mar 28 12:34 IST
----------------------------------------------------------
1/1 Testing: HelloTest.BasicAssertions
1/1 Test: HelloTest.BasicAssertions
Command: "/home/Ancit/Git_STM_cmake_gtest/STM32F1_cmake_gtest/build/gtest/hello_test" "--gtest_filter=HelloTest.BasicAssertions" "--gtest_also_run_disabled_tests"
Directory: /home/Ancit/Git_STM_cmake_gtest/STM32F1_cmake_gtest/build/gtest
"HelloTest.BasicAssertions" start time: Mar 28 12:34 IST
Output:
----------------------------------------------------------
Note: Google Test filter = HelloTest.BasicAssertions
[==========] Running 1 test from 1 test suite.
[----------] Global test environment set-up.
[----------] 1 test from HelloTest
[ RUN      ] HelloTest.BasicAssertions
Pin_number:32/home/Ancit/Git_STM_cmake_gtest/STM32F1_cmake_gtest/gtest/hello_test.cc:18: Failure
Expected equality of these values:
  gpio_test[0]
    Which is: 32
  ((uint16_t)0x0010)
    Which is: 16
[  FAILED  ] HelloTest.BasicAssertions (0 ms)
[----------] 1 test from HelloTest (0 ms total)

[----------] Global test environment tear-down
[==========] 1 test from 1 test suite ran. (0 ms total)
[  PASSED  ] 0 tests.
[  FAILED  ] 1 test, listed below:
[  FAILED  ] HelloTest.BasicAssertions

 1 FAILED TEST
<end of output>
Test time =   0.00 sec
----------------------------------------------------------
Test Failed.
"HelloTest.BasicAssertions" end time: Mar 28 12:34 IST
"HelloTest.BasicAssertions" time elapsed: 00:00:00
----------------------------------------------------------

End testing: Mar 28 12:34 IST
